Added Component: Designator=D1(NXP-SOD27-2_V)
Add component (AddParameter): Name = "Cd"; Value = "4 pF Max."; VariantName = "[No Variations]"
Add component (AddParameter): Name = "ComponentLink1Description"; Value = "Manufacturer URL"; VariantName = "[No Variations]"
Add component (AddParameter): Name = "ComponentLink1URL"; Value = "http://www.nxp.com/"; VariantName = "[No Variations]"
Add component (AddParameter): Name = "ComponentLink2Description"; Value = "Datasheet"; VariantName = "[No Variations]"
Add component (AddParameter): Name = "ComponentLink2URL"; Value = "http://www.nxp.com/documents/data_sheet/1N4148_1N4448.pdf"; VariantName = "[No Variations]"
Add component (AddParameter): Name = "ComponentLink3Description"; Value = "Package Specification"; VariantName = "[No Variations]"
Add component (AddParameter): Name = "ComponentLink3URL"; Value = "http://www.nxp.com/documents/data_sheet/1N4148_1N4448.pdf"; VariantName = "[No Variations]"
Add component (AddParameter): Name = "Configuration"; Value = "Single"; VariantName = "[No Variations]"
Add component (AddParameter): Name = "DatasheetVersion"; Value = "Aug-04"; VariantName = "[No Variations]"
Add component (AddParameter): Name = "IF"; Value = "200 mA Max."; VariantName = "[No Variations]"
Add component (AddParameter): Name = "IFRM"; Value = "450 mA"; VariantName = "[No Variations]"
Add component (AddParameter): Name = "IFSM"; Value = "4 A Max."; VariantName = "[No Variations]"
Add component (AddParameter): Name = "IR (VR"; Value = "20 V)=25 nA"; VariantName = "[No Variations]"
Add component (AddParameter): Name = "Manufacturer"; Value = "NXP Semiconductors"; VariantName = "[No Variations]"
Add component (AddParameter): Name = "Mounting Technology"; Value = "Through Hole"; VariantName = "[No Variations]"
Add component (AddParameter): Name = "PackageDescription"; Value = "2-Pin Hermetically Sealed Glass Package, Axial Leaded, Dia 1.85 mm, Body Length 4.25 mm, Lead Spread 25.4 mm"; VariantName = "[No Variations]"
Add component (AddParameter): Name = "PackageReference"; Value = "SOD27"; VariantName = "[No Variations]"
Add component (AddParameter): Name = "PackageVersion"; Value = "Aug-04"; VariantName = "[No Variations]"
Add component (AddParameter): Name = "PartNumber"; Value = "1N4148"; VariantName = "[No Variations]"
Add component (AddParameter): Name = "RoHS"; Value = "TRUE"; VariantName = "[No Variations]"
Add component (AddParameter): Name = "Trr"; Value = "4 ns Max."; VariantName = "[No Variations]"
Add component (AddParameter): Name = "VF (IF"; Value = "10 mA)=1 V"; VariantName = "[No Variations]"
Add component (AddParameter): Name = "VR"; Value = "100 V Max."; VariantName = "[No Variations]"
Added Component: Designator=D2(NXP-SOD27-2_V)
Add component (AddParameter): Name = "Cd"; Value = "4 pF Max."; VariantName = "[No Variations]"
Add component (AddParameter): Name = "ComponentLink1Description"; Value = "Manufacturer URL"; VariantName = "[No Variations]"
Add component (AddParameter): Name = "ComponentLink1URL"; Value = "http://www.nxp.com/"; VariantName = "[No Variations]"
Add component (AddParameter): Name = "ComponentLink2Description"; Value = "Datasheet"; VariantName = "[No Variations]"
Add component (AddParameter): Name = "ComponentLink2URL"; Value = "http://www.nxp.com/documents/data_sheet/1N4148_1N4448.pdf"; VariantName = "[No Variations]"
Add component (AddParameter): Name = "ComponentLink3Description"; Value = "Package Specification"; VariantName = "[No Variations]"
Add component (AddParameter): Name = "ComponentLink3URL"; Value = "http://www.nxp.com/documents/data_sheet/1N4148_1N4448.pdf"; VariantName = "[No Variations]"
Add component (AddParameter): Name = "Configuration"; Value = "Single"; VariantName = "[No Variations]"
Add component (AddParameter): Name = "DatasheetVersion"; Value = "Aug-04"; VariantName = "[No Variations]"
Add component (AddParameter): Name = "IF"; Value = "200 mA Max."; VariantName = "[No Variations]"
Add component (AddParameter): Name = "IFRM"; Value = "450 mA"; VariantName = "[No Variations]"
Add component (AddParameter): Name = "IFSM"; Value = "4 A Max."; VariantName = "[No Variations]"
Add component (AddParameter): Name = "IR (VR"; Value = "20 V)=25 nA"; VariantName = "[No Variations]"
Add component (AddParameter): Name = "Manufacturer"; Value = "NXP Semiconductors"; VariantName = "[No Variations]"
Add component (AddParameter): Name = "Mounting Technology"; Value = "Through Hole"; VariantName = "[No Variations]"
Add component (AddParameter): Name = "PackageDescription"; Value = "2-Pin Hermetically Sealed Glass Package, Axial Leaded, Dia 1.85 mm, Body Length 4.25 mm, Lead Spread 25.4 mm"; VariantName = "[No Variations]"
Add component (AddParameter): Name = "PackageReference"; Value = "SOD27"; VariantName = "[No Variations]"
Add component (AddParameter): Name = "PackageVersion"; Value = "Aug-04"; VariantName = "[No Variations]"
Add component (AddParameter): Name = "PartNumber"; Value = "1N4148"; VariantName = "[No Variations]"
Add component (AddParameter): Name = "RoHS"; Value = "TRUE"; VariantName = "[No Variations]"
Add component (AddParameter): Name = "Trr"; Value = "4 ns Max."; VariantName = "[No Variations]"
Add component (AddParameter): Name = "VF (IF"; Value = "10 mA)=1 V"; VariantName = "[No Variations]"
Add component (AddParameter): Name = "VR"; Value = "100 V Max."; VariantName = "[No Variations]"
Added Component: Designator=D5(NXP-SOD27-2_V)
Add component (AddParameter): Name = "Cd"; Value = "4 pF Max."; VariantName = "[No Variations]"
Add component (AddParameter): Name = "ComponentLink1Description"; Value = "Manufacturer URL"; VariantName = "[No Variations]"
Add component (AddParameter): Name = "ComponentLink1URL"; Value = "http://www.nxp.com/"; VariantName = "[No Variations]"
Add component (AddParameter): Name = "ComponentLink2Description"; Value = "Datasheet"; VariantName = "[No Variations]"
Add component (AddParameter): Name = "ComponentLink2URL"; Value = "http://www.nxp.com/documents/data_sheet/1N4148_1N4448.pdf"; VariantName = "[No Variations]"
Add component (AddParameter): Name = "ComponentLink3Description"; Value = "Package Specification"; VariantName = "[No Variations]"
Add component (AddParameter): Name = "ComponentLink3URL"; Value = "http://www.nxp.com/documents/data_sheet/1N4148_1N4448.pdf"; VariantName = "[No Variations]"
Add component (AddParameter): Name = "Configuration"; Value = "Single"; VariantName = "[No Variations]"
Add component (AddParameter): Name = "DatasheetVersion"; Value = "Aug-04"; VariantName = "[No Variations]"
Add component (AddParameter): Name = "IF"; Value = "200 mA Max."; VariantName = "[No Variations]"
Add component (AddParameter): Name = "IFRM"; Value = "450 mA"; VariantName = "[No Variations]"
Add component (AddParameter): Name = "IFSM"; Value = "4 A Max."; VariantName = "[No Variations]"
Add component (AddParameter): Name = "IR (VR"; Value = "20 V)=25 nA"; VariantName = "[No Variations]"
Add component (AddParameter): Name = "Manufacturer"; Value = "NXP Semiconductors"; VariantName = "[No Variations]"
Add component (AddParameter): Name = "Mounting Technology"; Value = "Through Hole"; VariantName = "[No Variations]"
Add component (AddParameter): Name = "PackageDescription"; Value = "2-Pin Hermetically Sealed Glass Package, Axial Leaded, Dia 1.85 mm, Body Length 4.25 mm, Lead Spread 25.4 mm"; VariantName = "[No Variations]"
Add component (AddParameter): Name = "PackageReference"; Value = "SOD27"; VariantName = "[No Variations]"
Add component (AddParameter): Name = "PackageVersion"; Value = "Aug-04"; VariantName = "[No Variations]"
Add component (AddParameter): Name = "PartNumber"; Value = "1N4148"; VariantName = "[No Variations]"
Add component (AddParameter): Name = "RoHS"; Value = "TRUE"; VariantName = "[No Variations]"
Add component (AddParameter): Name = "Trr"; Value = "4 ns Max."; VariantName = "[No Variations]"
Add component (AddParameter): Name = "VF (IF"; Value = "10 mA)=1 V"; VariantName = "[No Variations]"
Add component (AddParameter): Name = "VR"; Value = "100 V Max."; VariantName = "[No Variations]"
Added Component: Designator=D6(NXP-SOD27-2_V)
Add component (AddParameter): Name = "Cd"; Value = "4 pF Max."; VariantName = "[No Variations]"
Add component (AddParameter): Name = "ComponentLink1Description"; Value = "Manufacturer URL"; VariantName = "[No Variations]"
Add component (AddParameter): Name = "ComponentLink1URL"; Value = "http://www.nxp.com/"; VariantName = "[No Variations]"
Add component (AddParameter): Name = "ComponentLink2Description"; Value = "Datasheet"; VariantName = "[No Variations]"
Add component (AddParameter): Name = "ComponentLink2URL"; Value = "http://www.nxp.com/documents/data_sheet/1N4148_1N4448.pdf"; VariantName = "[No Variations]"
Add component (AddParameter): Name = "ComponentLink3Description"; Value = "Package Specification"; VariantName = "[No Variations]"
Add component (AddParameter): Name = "ComponentLink3URL"; Value = "http://www.nxp.com/documents/data_sheet/1N4148_1N4448.pdf"; VariantName = "[No Variations]"
Add component (AddParameter): Name = "Configuration"; Value = "Single"; VariantName = "[No Variations]"
Add component (AddParameter): Name = "DatasheetVersion"; Value = "Aug-04"; VariantName = "[No Variations]"
Add component (AddParameter): Name = "IF"; Value = "200 mA Max."; VariantName = "[No Variations]"
Add component (AddParameter): Name = "IFRM"; Value = "450 mA"; VariantName = "[No Variations]"
Add component (AddParameter): Name = "IFSM"; Value = "4 A Max."; VariantName = "[No Variations]"
Add component (AddParameter): Name = "IR (VR"; Value = "20 V)=25 nA"; VariantName = "[No Variations]"
Add component (AddParameter): Name = "Manufacturer"; Value = "NXP Semiconductors"; VariantName = "[No Variations]"
Add component (AddParameter): Name = "Mounting Technology"; Value = "Through Hole"; VariantName = "[No Variations]"
Add component (AddParameter): Name = "PackageDescription"; Value = "2-Pin Hermetically Sealed Glass Package, Axial Leaded, Dia 1.85 mm, Body Length 4.25 mm, Lead Spread 25.4 mm"; VariantName = "[No Variations]"
Add component (AddParameter): Name = "PackageReference"; Value = "SOD27"; VariantName = "[No Variations]"
Add component (AddParameter): Name = "PackageVersion"; Value = "Aug-04"; VariantName = "[No Variations]"
Add component (AddParameter): Name = "PartNumber"; Value = "1N4148"; VariantName = "[No Variations]"
Add component (AddParameter): Name = "RoHS"; Value = "TRUE"; VariantName = "[No Variations]"
Add component (AddParameter): Name = "Trr"; Value = "4 ns Max."; VariantName = "[No Variations]"
Add component (AddParameter): Name = "VF (IF"; Value = "10 mA)=1 V"; VariantName = "[No Variations]"
Add component (AddParameter): Name = "VR"; Value = "100 V Max."; VariantName = "[No Variations]"
Added Component: Designator=D8(NXP-SOD27-2_V)
Add component (AddParameter): Name = "Cd"; Value = "4 pF Max."; VariantName = "[No Variations]"
Add component (AddParameter): Name = "ComponentLink1Description"; Value = "Manufacturer URL"; VariantName = "[No Variations]"
Add component (AddParameter): Name = "ComponentLink1URL"; Value = "http://www.nxp.com/"; VariantName = "[No Variations]"
Add component (AddParameter): Name = "ComponentLink2Description"; Value = "Datasheet"; VariantName = "[No Variations]"
Add component (AddParameter): Name = "ComponentLink2URL"; Value = "http://www.nxp.com/documents/data_sheet/1N4148_1N4448.pdf"; VariantName = "[No Variations]"
Add component (AddParameter): Name = "ComponentLink3Description"; Value = "Package Specification"; VariantName = "[No Variations]"
Add component (AddParameter): Name = "ComponentLink3URL"; Value = "http://www.nxp.com/documents/data_sheet/1N4148_1N4448.pdf"; VariantName = "[No Variations]"
Add component (AddParameter): Name = "Configuration"; Value = "Single"; VariantName = "[No Variations]"
Add component (AddParameter): Name = "DatasheetVersion"; Value = "Aug-04"; VariantName = "[No Variations]"
Add component (AddParameter): Name = "IF"; Value = "200 mA Max."; VariantName = "[No Variations]"
Add component (AddParameter): Name = "IFRM"; Value = "450 mA"; VariantName = "[No Variations]"
Add component (AddParameter): Name = "IFSM"; Value = "4 A Max."; VariantName = "[No Variations]"
Add component (AddParameter): Name = "IR (VR"; Value = "20 V)=25 nA"; VariantName = "[No Variations]"
Add component (AddParameter): Name = "Manufacturer"; Value = "NXP Semiconductors"; VariantName = "[No Variations]"
Add component (AddParameter): Name = "Mounting Technology"; Value = "Through Hole"; VariantName = "[No Variations]"
Add component (AddParameter): Name = "PackageDescription"; Value = "2-Pin Hermetically Sealed Glass Package, Axial Leaded, Dia 1.85 mm, Body Length 4.25 mm, Lead Spread 25.4 mm"; VariantName = "[No Variations]"
Add component (AddParameter): Name = "PackageReference"; Value = "SOD27"; VariantName = "[No Variations]"
Add component (AddParameter): Name = "PackageVersion"; Value = "Aug-04"; VariantName = "[No Variations]"
Add component (AddParameter): Name = "PartNumber"; Value = "1N4148"; VariantName = "[No Variations]"
Add component (AddParameter): Name = "RoHS"; Value = "TRUE"; VariantName = "[No Variations]"
Add component (AddParameter): Name = "Trr"; Value = "4 ns Max."; VariantName = "[No Variations]"
Add component (AddParameter): Name = "VF (IF"; Value = "10 mA)=1 V"; VariantName = "[No Variations]"
Add component (AddParameter): Name = "VR"; Value = "100 V Max."; VariantName = "[No Variations]"
Added Component: Designator=LS1(FP-PKB24SPCH3601-B0-MFG)
Add component (AddParameter): Name = "Diameter"; Value = "24.3mm"; VariantName = "[No Variations]"
Add component (AddParameter): Name = "Frequency"; Value = "3.6kHz"; VariantName = "[No Variations]"
Add component (AddParameter): Name = "Height"; Value = "9.7mm"; VariantName = "[No Variations]"
Add component (AddParameter): Name = "Lead Free"; Value = "Lead Free"; VariantName = "[No Variations]"
Add component (AddParameter): Name = "Length"; Value = "24.3mm"; VariantName = "[No Variations]"
Add component (AddParameter): Name = "Max Frequency"; Value = "4.1kHz"; VariantName = "[No Variations]"
Add component (AddParameter): Name = "Max Operating Temperature"; Value = "70°C"; VariantName = "[No Variations]"
Add component (AddParameter): Name = "Max Supply Current"; Value = "16mA"; VariantName = "[No Variations]"
Add component (AddParameter): Name = "Max Supply Voltage"; Value = "15V"; VariantName = "[No Variations]"
Add component (AddParameter): Name = "Max Supply Voltage (DC)"; Value = "15V"; VariantName = "[No Variations]"
Add component (AddParameter): Name = "Min Operating Temperature"; Value = "-20°C"; VariantName = "[No Variations]"
Add component (AddParameter): Name = "Min Supply Voltage"; Value = "3V"; VariantName = "[No Variations]"
Add component (AddParameter): Name = "Min Supply Voltage (DC)"; Value = "3V"; VariantName = "[No Variations]"
Add component (AddParameter): Name = "Mount"; Value = "Flush"; VariantName = "[No Variations]"
Add component (AddParameter): Name = "Nominal Supply Current"; Value = "16mA"; VariantName = "[No Variations]"
Add component (AddParameter): Name = "Nominal Supply Voltage (DC)"; Value = "12V"; VariantName = "[No Variations]"
Add component (AddParameter): Name = "Operating Supply Current"; Value = "16mA"; VariantName = "[No Variations]"
Add component (AddParameter): Name = "Package Quantity"; Value = "650"; VariantName = "[No Variations]"
Add component (AddParameter): Name = "Packaging"; Value = "Bulk"; VariantName = "[No Variations]"
Add component (AddParameter): Name = "Radiation Hardening"; Value = "No"; VariantName = "[No Variations]"
Add component (AddParameter): Name = "REACH SVHC"; Value = "No SVHC"; VariantName = "[No Variations]"
Add component (AddParameter): Name = "Self Resonant Frequency"; Value = "3.6kHz"; VariantName = "[No Variations]"
Add component (AddParameter): Name = "Termination"; Value = "PC Pins"; VariantName = "[No Variations]"
Add component (AddParameter): Name = "Voltage Rating"; Value = "12V"; VariantName = "[No Variations]"
Add component (AddParameter): Name = "Voltage Rating (DC)"; Value = "15V"; VariantName = "[No Variations]"
Add component (AddParameter): Name = "Washable"; Value = "No"; VariantName = "[No Variations]"
Added Component: Designator=MK(MO0444023)
Add component (AddParameter): Name = "Arrow Part Number"; Value = "MO044402-3"; VariantName = "[No Variations]"
Add component (AddParameter): Name = "Arrow Price/Stock"; Value = "https://www.arrow.com/en/products/mo044402-3/db-unlimited?region=nac"; VariantName = "[No Variations]"
Add component (AddParameter): Name = "Datasheet Link"; Value = "https://www.dbunlimitedco.com/images/product_images/2D-Drawings/MO044402-3.pdf"; VariantName = "[No Variations]"
Add component (AddParameter): Name = "Height"; Value = "1.3mm"; VariantName = "[No Variations]"
Add component (AddParameter): Name = "Manufacturer_Name"; Value = "DB Unlimited"; VariantName = "[No Variations]"
Add component (AddParameter): Name = "Manufacturer_Part_Number"; Value = "MO044402-3"; VariantName = "[No Variations]"
Add component (AddParameter): Name = "Mouser Part Number"; Value = "497-MO044402-3"; VariantName = "[No Variations]"
Add component (AddParameter): Name = "Mouser Price/Stock"; Value = "https://www.mouser.co.uk/ProductDetail/DB-Unlimited/MO044402-3?qs=t9M3m0YJX4P%252B6U8YhOQ9OQ%3D%3D"; VariantName = "[No Variations]"
Added Component: Designator=Q1(BC547BG)
Add component (AddParameter): Name = "Arrow Part Number"; Value = "BC547BG"; VariantName = "[No Variations]"
Add component (AddParameter): Name = "Arrow Price/Stock"; Value = "http://www.arrow.com/en/products/bc547bg/on-semiconductor"; VariantName = "[No Variations]"
Add component (AddParameter): Name = "Datasheet Link"; Value = "https://www.onsemi.com/download/data-sheet/pdf/BC546-D.PDF"; VariantName = "[No Variations]"
Add component (AddParameter): Name = "Height"; Value = "5.33mm"; VariantName = "[No Variations]"
Add component (AddParameter): Name = "Manufacturer_Name"; Value = "onsemi"; VariantName = "[No Variations]"
Add component (AddParameter): Name = "Manufacturer_Part_Number"; Value = "BC547BG"; VariantName = "[No Variations]"
Add component (AddParameter): Name = "Mouser Part Number"; Value = "N/A"; VariantName = "[No Variations]"
Add component (AddParameter): Name = "Mouser Price/Stock"; Value = "http://www.mouser.com/Search/ProductDetail.aspx?qs=NSmgnqlvnz5NIKIycfR5CQ%3d%3d"; VariantName = "[No Variations]"
Added Component: Designator=Q2(BC547BG)
Add component (AddParameter): Name = "Arrow Part Number"; Value = "BC547BG"; VariantName = "[No Variations]"
Add component (AddParameter): Name = "Arrow Price/Stock"; Value = "http://www.arrow.com/en/products/bc547bg/on-semiconductor"; VariantName = "[No Variations]"
Add component (AddParameter): Name = "Datasheet Link"; Value = "https://www.onsemi.com/download/data-sheet/pdf/BC546-D.PDF"; VariantName = "[No Variations]"
Add component (AddParameter): Name = "Height"; Value = "5.33mm"; VariantName = "[No Variations]"
Add component (AddParameter): Name = "Manufacturer_Name"; Value = "onsemi"; VariantName = "[No Variations]"
Add component (AddParameter): Name = "Manufacturer_Part_Number"; Value = "BC547BG"; VariantName = "[No Variations]"
Add component (AddParameter): Name = "Mouser Part Number"; Value = "N/A"; VariantName = "[No Variations]"
Add component (AddParameter): Name = "Mouser Price/Stock"; Value = "http://www.mouser.com/Search/ProductDetail.aspx?qs=NSmgnqlvnz5NIKIycfR5CQ%3d%3d"; VariantName = "[No Variations]"
Added Component: Designator=Q3(BC547BG)
Add component (AddParameter): Name = "Arrow Part Number"; Value = "BC547BG"; VariantName = "[No Variations]"
Add component (AddParameter): Name = "Arrow Price/Stock"; Value = "http://www.arrow.com/en/products/bc547bg/on-semiconductor"; VariantName = "[No Variations]"
Add component (AddParameter): Name = "Datasheet Link"; Value = "https://www.onsemi.com/download/data-sheet/pdf/BC546-D.PDF"; VariantName = "[No Variations]"
Add component (AddParameter): Name = "Height"; Value = "5.33mm"; VariantName = "[No Variations]"
Add component (AddParameter): Name = "Manufacturer_Name"; Value = "onsemi"; VariantName = "[No Variations]"
Add component (AddParameter): Name = "Manufacturer_Part_Number"; Value = "BC547BG"; VariantName = "[No Variations]"
Add component (AddParameter): Name = "Mouser Part Number"; Value = "N/A"; VariantName = "[No Variations]"
Add component (AddParameter): Name = "Mouser Price/Stock"; Value = "http://www.mouser.com/Search/ProductDetail.aspx?qs=NSmgnqlvnz5NIKIycfR5CQ%3d%3d"; VariantName = "[No Variations]"
Added Component: Designator=Q4(BC547BG)
Add component (AddParameter): Name = "Arrow Part Number"; Value = "BC547BG"; VariantName = "[No Variations]"
Add component (AddParameter): Name = "Arrow Price/Stock"; Value = "http://www.arrow.com/en/products/bc547bg/on-semiconductor"; VariantName = "[No Variations]"
Add component (AddParameter): Name = "Datasheet Link"; Value = "https://www.onsemi.com/download/data-sheet/pdf/BC546-D.PDF"; VariantName = "[No Variations]"
Add component (AddParameter): Name = "Height"; Value = "5.33mm"; VariantName = "[No Variations]"
Add component (AddParameter): Name = "Manufacturer_Name"; Value = "onsemi"; VariantName = "[No Variations]"
Add component (AddParameter): Name = "Manufacturer_Part_Number"; Value = "BC547BG"; VariantName = "[No Variations]"
Add component (AddParameter): Name = "Mouser Part Number"; Value = "N/A"; VariantName = "[No Variations]"
Add component (AddParameter): Name = "Mouser Price/Stock"; Value = "http://www.mouser.com/Search/ProductDetail.aspx?qs=NSmgnqlvnz5NIKIycfR5CQ%3d%3d"; VariantName = "[No Variations]"
Added Component: Designator=Q5(BC547BG)
Add component (AddParameter): Name = "Arrow Part Number"; Value = "BC547BG"; VariantName = "[No Variations]"
Add component (AddParameter): Name = "Arrow Price/Stock"; Value = "http://www.arrow.com/en/products/bc547bg/on-semiconductor"; VariantName = "[No Variations]"
Add component (AddParameter): Name = "Datasheet Link"; Value = "https://www.onsemi.com/download/data-sheet/pdf/BC546-D.PDF"; VariantName = "[No Variations]"
Add component (AddParameter): Name = "Height"; Value = "5.33mm"; VariantName = "[No Variations]"
Add component (AddParameter): Name = "Manufacturer_Name"; Value = "onsemi"; VariantName = "[No Variations]"
Add component (AddParameter): Name = "Manufacturer_Part_Number"; Value = "BC547BG"; VariantName = "[No Variations]"
Add component (AddParameter): Name = "Mouser Part Number"; Value = "N/A"; VariantName = "[No Variations]"
Add component (AddParameter): Name = "Mouser Price/Stock"; Value = "http://www.mouser.com/Search/ProductDetail.aspx?qs=NSmgnqlvnz5NIKIycfR5CQ%3d%3d"; VariantName = "[No Variations]"
Added Pin To Net: NetName=GND Pin=D2-1
Added Pin To Net: NetName=GND Pin=D6-1
Added Pin To Net: NetName=GND Pin=LS1-1
Added Pin To Net: NetName=GND Pin=MK-1
Added Pin To Net: NetName=GND Pin=MK-2
Added Pin To Net: NetName=GND Pin=Q1-3
Added Pin To Net: NetName=GND Pin=Q2-2
Added Pin To Net: NetName=GND Pin=Q2-3
Added Pin To Net: NetName=GND Pin=Q3-3
Added Pin To Net: NetName=GND Pin=Q4-3
Added Pin To Net: NetName=GND Pin=Q5-2
Added Pin To Net: NetName=GND Pin=Q5-3
Added Net: Name=GND
Added Pin To Net: NetName=NetC1_1 Pin=Q2-1
Added Net: Name=NetC1_1
Added Pin To Net: NetName=NetC1_2 Pin=D1-1
Added Pin To Net: NetName=NetC1_2 Pin=D2-2
Added Net: Name=NetC1_2
Added Pin To Net: NetName=NetC2_2 Pin=D1-2
Added Pin To Net: NetName=NetC2_2 Pin=Q1-2
Added Net: Name=NetC2_2
Added Net: Name=NetC3_2
Added Net: Name=NetC4_2
Added Net: Name=NetC5_2
Added Net: Name=NetC6_2
Added Pin To Net: NetName=NetC7_1 Pin=Q5-1
Added Net: Name=NetC7_1
Added Pin To Net: NetName=NetC7_2 Pin=D5-1
Added Pin To Net: NetName=NetC7_2 Pin=D6-2
Added Net: Name=NetC7_2
Added Pin To Net: NetName=NetC8_2 Pin=D5-2
Added Pin To Net: NetName=NetC8_2 Pin=Q3-2
Added Net: Name=NetC8_2
Added Net: Name=NetC9_2
Added Net: Name=NetC10_2
Added Pin To Net: NetName=NetC12_2 Pin=D8-2
Added Net: Name=NetC12_2
Added Net: Name=NetC13_2
Added Net: Name=NetD3_1
Added Net: Name=NetD4_1
Added Net: Name=NetD7_1
Added Pin To Net: NetName=NetD8_1 Pin=D8-1
Added Net: Name=NetD8_1
Added Net: Name=NetD9_1
Added Pin To Net: NetName=NetLS1_2 Pin=LS1-2
Added Net: Name=NetLS1_2
Added Pin To Net: NetName=NetQ1_1 Pin=Q1-1
Added Net: Name=NetQ1_1
Added Pin To Net: NetName=NetQ3_1 Pin=Q3-1
Added Net: Name=NetQ3_1
Added Pin To Net: NetName=NetQ4_1 Pin=Q4-1
Added Net: Name=NetQ4_1
Added Pin To Net: NetName=NetQ4_2 Pin=Q4-2
Added Net: Name=NetQ4_2
Added Net: Name=NetR1_2
Added Net: Name=NetR3_2
Added Net: Name=NetR6_2
Added Net: Name=NetR12_2
Added Net: Name=NetR15_2
Added Net: Name=NetV1_2
Added Net: Name=NetV2_2
Added Class: Name=Sheet1
Added Rule: Name=Schematic Supply Nets
