Replace Part 232 BH-25C-1 in E:\CSE\Projects\-Key_tag_detector\Phase 03\Altium\Drawing\Sheet1.SchDoc with BH-25C-1 from BH-25C-1.IntLib
Replace Part BT1 BH-25C-1 in E:\CSE\Projects\-Key_tag_detector\Phase 03\Altium\Drawing\Sheet1.SchDoc with BH-25C-1 from BH-25C-1.IntLib
Replace Part BT2 BH-25C-1 in E:\CSE\Projects\-Key_tag_detector\Phase 03\Altium\Drawing\Sheet1.SchDoc with BH-25C-1 from BH-25C-1.IntLib
Update Managed Component C1 From CMP-00287-55558411-1[ECA-2WHG010] To CMP-00287-55558411-1[ECA-2WHG010] in Sheet1.SchDoc
Replace Part C2 FA16X7R2A224KNU06 in E:\CSE\Projects\-Key_tag_detector\Phase 03\Altium\Drawing\Sheet1.SchDoc with FA16X7R2A224KNU06 from FA16X7R2A224KNU06.IntLib
Update Managed Component C3 From CMP-05427-001517-1[ECA1JM100] To CMP-05427-001517-1[ECA1JM100] in Sheet1.SchDoc
Update Managed Component C4 From CMP-05427-002079-1[EEUFR1H101] To CMP-05427-002079-1[EEUFR1H101] in Sheet1.SchDoc
Replace Part C5 C320C104M1U5TA in E:\CSE\Projects\-Key_tag_detector\Phase 03\Altium\Drawing\Sheet1.SchDoc with C320C104M1U5TA from C320C104M1U5TA.IntLib
Update Managed Component C6 From CMP-05427-001517-1[ECA1JM100] To CMP-05427-001517-1[ECA1JM100] in Sheet1.SchDoc
Update Managed Component C7 From CMP-05427-002079-1[EEUFR1H101] To CMP-05427-002079-1[EEUFR1H101] in Sheet1.SchDoc
Replace Part C8 C320C104M1U5TA in E:\CSE\Projects\-Key_tag_detector\Phase 03\Altium\Drawing\Sheet1.SchDoc with C320C104M1U5TA from C320C104M1U5TA.IntLib
Update Managed Component C9 From CMP-05427-002079-1[EEUFR1H101] To CMP-05427-002079-1[EEUFR1H101] in Sheet1.SchDoc
Replace Part C10 C320C104M1U5TA in E:\CSE\Projects\-Key_tag_detector\Phase 03\Altium\Drawing\Sheet1.SchDoc with C320C104M1U5TA from C320C104M1U5TA.IntLib
Update Managed Component D1 From CMP-0648-00002-1[1N4148] To CMP-0648-00002-1[1N4148] in Sheet1.SchDoc
Update Managed Component D2 From CMP-0648-00002-1[1N4148] To CMP-0648-00002-1[1N4148] in Sheet1.SchDoc
Update Managed Component D3 From CMP-0648-00002-1[1N4148] To CMP-0648-00002-1[1N4148] in Sheet1.SchDoc
Update Managed Component LS1 From CMP-103887-000001-1[POM-2738P-R] To CMP-103887-000001-1[POM-2738P-R] in Sheet1.SchDoc
Update Managed Component Q1 From CMP-1048-01467-1[BC547B] To CMP-1048-01467-1[BC547B] in Sheet1.SchDoc
Update Managed Component Q2 From CMP-1048-01467-1[BC547B] To CMP-1048-01467-1[BC547B] in Sheet1.SchDoc
Update Managed Component Q3 From CMP-1048-01467-1[BC547B] To CMP-1048-01467-1[BC547B] in Sheet1.SchDoc
Update Managed Component Q4 From CMP-1048-01467-1[BC547B] To CMP-1048-01467-1[BC547B] in Sheet1.SchDoc
Update Managed Component R1 From CMP-26528-000002-1[CF18JT10K0] To CMP-26528-000002-1[CF18JT10K0] in Sheet1.SchDoc
Replace Part R2 2-1623928-8 in E:\CSE\Projects\-Key_tag_detector\Phase 03\Altium\Drawing\Sheet1.SchDoc with 2-1623928-8 from 2-1623928-8.IntLib
Replace Part R3 2-1623927-3 in E:\CSE\Projects\-Key_tag_detector\Phase 03\Altium\Drawing\Sheet1.SchDoc with 2-1623927-3 from 2-1623927-3.IntLib
Replace Part R4 5-1623927-8 in E:\CSE\Projects\-Key_tag_detector\Phase 03\Altium\Drawing\Sheet1.SchDoc with 5-1623927-8 from 5-1623927-8.IntLib
Replace Part R5 2-1623928-5 in E:\CSE\Projects\-Key_tag_detector\Phase 03\Altium\Drawing\Sheet1.SchDoc with 2-1623928-5 from 2-1623928-5.IntLib
Replace Part R6 CFR16J100K in E:\CSE\Projects\-Key_tag_detector\Phase 03\Altium\Drawing\Sheet1.SchDoc with CFR16J100K from CFR16J100K.IntLib
Replace Part R7 5-1623927-0 in E:\CSE\Projects\-Key_tag_detector\Phase 03\Altium\Drawing\Sheet1.SchDoc with 5-1623927-0 from 5-1623927-0.IntLib
Replace Part R8 2-1623928-5 in E:\CSE\Projects\-Key_tag_detector\Phase 03\Altium\Drawing\Sheet1.SchDoc with 2-1623928-5 from 2-1623928-5.IntLib
Update Managed Component R9 From CMP-07234-000051-1[3361P-1-104GLF] To CMP-07234-000051-1[3361P-1-104GLF] in Sheet1.SchDoc
Update Managed Component R10 From CMP-07234-000051-1[3361P-1-104GLF] To CMP-07234-000051-1[3361P-1-104GLF] in Sheet1.SchDoc
Update Managed Component R11 From CMP-26528-000002-1[CF18JT10K0] To CMP-26528-000002-1[CF18JT10K0] in Sheet1.SchDoc
Replace Part S1 DS01-254-L-01BE in E:\CSE\Projects\-Key_tag_detector\Phase 03\Altium\Drawing\Sheet1.SchDoc with DS01-254-L-01BE from DS01-254-L-01BE.IntLib
Update Managed Component U1 From CMP-2000-04954-1[NE555P] To CMP-2000-04954-1[NE555P] in Sheet1.SchDoc
Update Managed Component U2 From CMP-2000-04954-1[NE555P] To CMP-2000-04954-1[NE555P] in Sheet1.SchDoc
Update Managed Component U3 From CMP-2000-04954-1[NE555P] To CMP-2000-04954-1[NE555P] in Sheet1.SchDoc
